memory profiling: sample.interval=20000
:556901:11132823:53864272:0:
:556901:11132823:53864272:0:
:556901:11132823:53864328:0:
:556901:11132823:53864328:0:
:556901:11132823:53864384:0:
:556901:11132823:53864384:0:
:556901:11132823:53864440:0:
:556901:11132823:53864440:0:
:556901:11132823:53864496:0:
:556901:11132823:53864496:0:
:556901:11132823:53864552:0:
:556901:11132823:53864552:0:
:556901:11132823:53864608:0:
:556901:11132823:53864608:0:
:556901:11132823:53864664:0:
:556901:11132823:53864664:0:
:556901:11132823:53864720:0:
:556901:11132823:53864720:0:
:556901:11132823:53864776:0:
:556901:11132823:53864776:0:
:556901:11132823:53864832:0:
:556901:11132823:53864832:0:
:556901:11132823:53864888:0:
:556901:11132823:53864888:0:
:556901:11132823:53864944:0:
:556901:11132823:53864944:0:
:556901:11132823:53865000:0:
:556901:11132823:53865000:0:
:556901:11132823:53865056:0:
:556901:11132823:53865056:0:
:556901:11132823:53865112:0:
:556901:11132823:53865112:0:
:556901:11132823:53865112:0:
:556901:11132823:53865168:0:
:556901:11132823:53865168:0:
:556901:11132823:53865224:0:
:556901:11132823:53865224:0:
:556901:11132823:53865224:0:
:556901:11132823:53865280:0:
:556901:11132823:53865280:0:
:556901:11132823:53865336:0:
:556901:11132823:53865336:0:
:556901:11132823:53865392:0:
:556901:11132823:53865392:0:
:556901:11132823:53865448:0:
:556901:11132823:53865448:0:
:556901:11132823:53865504:0:
:556901:11132823:53865504:0:
:556901:11132823:53865560:0:
:556901:11132823:53865560:0:
:556901:11132823:53865616:0:
:556901:11132823:53865616:0:
:556901:11132823:53865672:0:
:556901:11132823:53865672:0:
:556901:11132823:53865728:0:
:556901:11132823:53865728:0:
:556901:11132823:53865784:0:
:556901:11132823:53865784:0:
:556901:11132823:53865840:0:
:556901:11132823:53865840:0:
:556901:11132823:53865896:0:
:556901:11132823:53865896:0:
:556901:11132823:53865952:0:
:556901:11132823:53865952:0:
:556901:11132823:53866008:0:
:556901:11132823:53866008:0:
:556901:11132823:53866064:0:
:556901:11132823:53866064:0:
:556901:11132823:53866120:0:
:556901:11132823:53866176:0:
:556901:11132823:53866176:0:
:556901:11132823:53866232:0:
:556901:11132823:53866232:0:
:556901:11132823:53866288:0:
:556901:11132823:53866288:0:
:556901:11132823:53866344:0:
:556901:11132823:53866344:0:
:556901:11132823:53866400:0:
:556901:11132823:53866400:0:
:556901:11132823:53866456:0:
:556901:11132823:53866456:0:
:556901:11132823:53866512:0:
:556901:11132823:53866512:0:
:556901:11132823:53866568:0:
:556901:11132823:53866568:0:
:556901:11132823:53866624:0:
:556901:11132823:53866624:0:
:556901:11132823:53866680:0:
:556901:11132823:53866680:0:
:556901:11132823:53866736:0:
:556901:11132823:53866736:0:
:556901:11132823:53866792:0:
:556901:11132823:53866792:0:
:556901:11132823:53866848:0:
:556901:11132823:53866848:0:
:556901:11132823:53866904:0:
:556901:11132823:53866904:0:
:556901:11132823:53866960:0:
:556901:11132823:53866960:0:
:556901:11132823:53867016:0:
:556901:11132823:53867016:0:
:556901:11132823:53867072:0:
:556901:11132823:53867072:0:
:556901:11132823:53867128:0:
:556901:11132823:53867128:0:
:556901:11132823:53867184:0:
:556901:11132823:53867184:0:
:556901:11132823:53867240:0:
:556901:11132823:53867240:0:
:556901:11132823:53867296:0:
:556901:11132823:53867296:0:
:556901:11132823:53867296:0:
:556901:11132823:53867352:0:
:556901:11132823:53867352:0:
:556901:11132823:53867408:0:
:556901:11132823:53867408:0:
:556901:11132823:53867464:0:
:556901:11132823:53867520:0:
:556901:11132823:53867520:0:
:556901:11132823:53867576:0:
:556901:11132823:53867576:0:
:556901:11132823:53867632:0:
:556901:11132823:53867632:0:
:556901:11132823:53867688:0:
:556901:11132823:53867688:0:
:556901:11132823:53867744:0:
:556901:11132823:53867744:0:
:556901:11132823:53867800:0:
:556901:11132823:53867856:0:
:556901:11132823:53867856:0:
:556901:11132823:53867912:0:
:556901:11132823:53867912:0:
:556901:11132823:53867968:0:
:556901:11132823:53867968:0:
:556901:11132823:53868024:0:
:556901:11132823:53868024:0:
:556901:11132823:53868080:0:
:556901:11132823:53868080:0:
:556901:11132823:53868136:0:
:556901:11132823:53868136:0:
:556901:11132823:53868192:0:
:556901:11132823:53868192:0:
:556901:11132823:53868248:0:
:556901:11132823:53868248:0:
:556901:11132823:53868304:0:
:556901:11132823:53868304:0:
:556901:11132823:53868360:0:
:556901:11132823:53868360:0:
:556901:11132823:53868416:0:
:556901:11132823:53868416:0:
:556901:11132823:53868472:0:
:556901:11132823:53868472:0:
:556901:11132823:53868528:0:
:556901:11132823:53868528:0:
:556901:11132823:53868584:0:
:556901:11132823:53868584:0:
:556901:11132823:53868640:0:
:556901:11132823:53868640:0:
:556901:11132823:53868696:0:
:556901:11132823:53868696:0:
:556901:11132823:53868696:0:
:556901:11132823:53868752:0:
:556901:11132823:53868752:0:
:556901:11132823:53868808:0:
:556901:11132823:53868808:0:
:556901:11132823:53868864:0:
:556901:11132823:53868864:0:
:556901:11132823:53868920:0:
:556901:11132823:53868920:0:
:556901:11132823:53868976:0:
:556901:11132823:53868976:0:
:556901:11132823:53869032:0:
:556901:11132823:53869032:0:
:556901:11132823:53869144:0:
:556901:11132823:53869144:0:
:556901:11132823:53869144:0:
:556901:11132823:53869200:0:
:556901:11132823:53869200:0:
:556901:11132823:53869256:0:
:556901:11132823:53869256:0:
:556901:11132823:53869312:0:
:556901:11132823:53869312:0:
:556901:11132823:53869368:0:
:556901:11132823:53869368:0:
:556901:11132823:53869424:0:
:556901:11132823:53869424:0:
:556901:11132823:53869480:0:
:556901:11132823:53869480:0:
:556901:11132823:53869536:0:
:556901:11132823:53869536:0:
:556901:11132823:53869592:0:
:556901:11132823:53869592:0:
:556901:11132823:53869648:0:
:556901:11132823:53869648:0:
:556901:11132823:53869704:0:
:556901:11132823:53869760:0:
:556901:11132823:53869760:0:
:556901:11132823:53869760:0:
:556901:11132823:53869816:0:
:556901:11132823:53869816:0:
:556901:11132823:53869872:0:
:556901:11132823:53869872:0:
:556901:11132823:53869928:0:
:556901:11132823:53869928:0:
:556901:11132823:53869984:0:
:556901:11132823:53869984:0:
:556901:11132823:53870040:0:
:556901:11132823:53870040:0:
:556901:11132823:53870096:0:
:556901:11132823:53870096:0:
:556901:11132823:53870152:0:
:556901:11132823:53870152:0:
:556901:11132823:53870208:0:
:556901:11132823:53870208:0:
:557200:11133930:53954992:35:"ls" "FUN" "lapply" ".rs.objectsOnSearchPath" ".rs.getCompletionsSearchPath" "Reduce" "<Anonymous>" 
:557389:11156180:53998448:4:"tolower" "nchar" ".rs.startsWith" ".rs.fuzzyMatches" ".rs.getCompletionsSearchPath" "Reduce" "<Anonymous>" 
:560080:11170901:54524400:178:
:560080:11170901:54524400:0:
:560080:11170901:54524456:0:
:560080:11170901:54524456:0:
:560080:11170901:54524456:0:
:560080:11170901:54524512:0:
:560080:11170901:54524512:0:
:560080:11170901:54524568:0:
:560080:11170901:54524568:0:
:560080:11170901:54524624:0:
:560080:11170901:54524624:0:
:560080:11170901:54524680:0:
:560080:11170901:54524680:0:
:560080:11170901:54524736:0:
:560080:11170901:54524736:0:
:560080:11170901:54524792:0:
:560080:11170901:54524792:0:
:560080:11170901:54524848:0:
:560080:11170901:54524848:0:
:560080:11170901:54524904:0:
:560080:11170901:54524904:0:
:560080:11170901:54524960:0:
:560080:11170901:54524960:0:
:560080:11170901:54525016:0:
:560080:11170901:54525016:0:
:560080:11170901:54525072:0:
:560080:11170901:54525072:0:
:560080:11170901:54525128:0:
:560080:11170901:54525128:0:
:560080:11170901:54525184:0:
:561332:11173826:54772928:153:"objects" ".rs.getHelpFromObject" ".rs.getHelpFunction" "<Anonymous>" 
:562404:11175632:55126176:0:"get" "doTryCatch" "tryCatchOne" "tryCatchList" "tryCatch" "FUN" "lapply" ".rs.getHelpFromObject" ".rs.getHelpFunction" "<Anonymous>" 
:583173:11180560:63419384:2504:"formals" "as.list" ".rs.getHelpFromObject" ".rs.getHelpFunction" "<Anonymous>" 
:560217:11041672:58529800:3796:".rs.getHelpFromObject" ".rs.getHelpFunction" "<Anonymous>" 
:543735:11047315:50339576:3055:"grep" "isBlankRd" "writeWrapped" "writeBlock" "writeContent" "writeSection" "Rd2HTML" "tools:::httpd" "withCallingHandlers" "suppressWarnings" ".rs.getHelp" ".rs.getHelpFromObject" ".rs.getHelpFunction" "<Anonymous>" 
:554189:11051865:54911808:2708:
:554189:11051865:54911864:0:
:554189:11051865:54911864:0:
:554189:11051865:54911864:0:
:554189:11051865:54911920:0:
:554189:11051865:54911920:0:
:554189:11051865:54911976:0:
:554189:11051865:54911976:0:
:554189:11051865:54912032:0:
:554189:11051865:54912032:0:
:554189:11051865:54912088:0:
:554189:11051865:54912088:0:
:554189:11051865:54912144:0:
:554189:11051865:54912144:0:
:554189:11051865:54912200:0:
:554189:11051865:54912200:0:
:554189:11051865:54912256:0:
:554189:11051865:54912256:0:
:554189:11051865:54912312:0:
:555274:11051865:55061440:91:
:555274:11051865:55061440:0:
:555274:11051865:55061440:0:
:555274:11051865:55061496:0:
:555274:11051865:55061496:0:
:555274:11051865:55061552:0:
:555274:11051865:55061552:0:
:555274:11051865:55061608:0:
:555274:11051865:55061608:0:
:555274:11051865:55061664:0:
:555274:11051865:55061664:0:
:555274:11051865:55061720:0:
:555274:11051865:55061720:0:
:555274:11051865:55061776:0:
:555274:11051865:55061776:0:
:555274:11051865:55061832:0:
:555274:11051865:55061832:0:
:555274:11051865:55061888:0:
:555274:11051865:55061888:0:
:555274:11051865:55061944:0:
:555274:11051865:55061944:0:
:555274:11051865:55062000:0:
:555274:11051865:55062000:0:
:555274:11051865:55062056:0:
:555274:11051865:55062056:0:
:555274:11051865:55062112:0:
:555274:11051865:55062112:0:
:555274:11051865:55062168:0:
:555274:11051865:55062168:0:
:555274:11051865:55062224:0:
:555274:11051865:55062224:0:
:555274:11051865:55062280:0:
:555274:11051865:55062280:0:
:555274:11051865:55062336:0:
:555274:11051865:55062336:0:
:555274:11051865:55062392:0:
:555274:11051865:55062392:0:
:555274:11051865:55062448:0:
:556526:11054790:55310192:153:"objects" ".rs.getHelpFromObject" ".rs.getHelpFunction" "<Anonymous>" 
:578812:11061524:64129016:2560:"isNamespace" "asNamespace" "getExportedValue" "::" "do.call" "doTryCatch" "tryCatchOne" "tryCatchList" "tryCatch" ".rs.getHelpFromObject" ".rs.getHelpFunction" "<Anonymous>" 
:576817:11053335:62717760:4800:"<Anonymous>" "do.call" "doTryCatch" "tryCatchOne" "tryCatchList" "tryCatch" ".rs.getHelpFromObject" ".rs.getHelpFunction" "<Anonymous>" 
:553912:11068808:51921632:2338:"grep" "isBlankLineRd" "addParaBreaks" "writeLines" "writeLinesUTF8" "of1" "writeBlock" "writeContent" "writeSection" "Rd2HTML" "tools:::httpd" "withCallingHandlers" "suppressWarnings" ".rs.getHelp" ".rs.getHelpFromObject" ".rs.getHelpFunction" "<Anonymous>" 
:562204:11071614:55932856:2373:
:562204:11071614:55932856:0:
:562611:11071614:56007336:40:
:562611:11071614:56007336:0:
:562611:11071614:56007336:0:
:562611:11071614:56007392:0:
:562611:11071614:56007392:0:
:562611:11071614:56007448:0:
:562611:11071614:56007448:0:
:562611:11071614:56007504:0:
:562611:11071614:56007504:0:
:562611:11071614:56007560:0:
:562611:11071614:56007560:0:
:562611:11071614:56007616:0:
:562611:11071614:56007616:0:
:562611:11071614:56007672:0:
:562611:11071614:56007672:0:
:562611:11071614:56007728:0:
:562611:11071614:56007728:0:
:562611:11071614:56007784:0:
:562611:11071614:56007784:0:
:562611:11071614:56007840:0:
:562611:11071614:56007840:0:
:562611:11071614:56007896:0:
:562611:11071614:56007896:0:
:562611:11071614:56007952:0:
:562611:11071614:56007952:0:
:562611:11071614:56008008:0:
:562611:11071614:56008008:0:
:562611:11071614:56008064:0:
:562611:11071614:56008064:0:
:562611:11071614:56008120:0:
:562611:11071614:56008120:0:
:562611:11071614:56008176:0:
:562611:11071614:56008176:0:
:562611:11071614:56008232:0:
:562611:11071614:56008232:0:
:562611:11071614:56008288:0:
:562611:11071614:56008288:0:
:563306:11071614:56103712:41:
:563306:11071614:56103712:0:
:563306:11071614:56103712:0:
:563306:11071614:56103768:0:
:563306:11071614:56103768:0:
:563306:11071614:56103824:0:
:563306:11071614:56103824:0:
:563306:11071614:56103880:0:
:563306:11071614:56103880:0:
:563306:11071614:56103936:0:
:563306:11071614:56103936:0:
:563306:11071614:56103992:0:
:563306:11071614:56104048:0:
:563306:11071614:56104048:0:
:563306:11071614:56104048:0:
:563306:11071614:56104104:0:
:563306:11071614:56104104:0:
:563306:11071614:56104160:0:
:563306:11071614:56104160:0:
:563306:11071614:56104216:0:
:563306:11071614:56104216:0:
:563306:11071614:56104272:0:
:563306:11071614:56104272:0:
:563306:11071614:56104328:0:
:563306:11071614:56104328:0:
:563306:11071614:56104384:0:
:563306:11071614:56104384:0:
:563306:11071614:56104440:0:
:563306:11071614:56104440:0:
:563306:11071614:56104496:0:
:563306:11071614:56104496:0:
:563306:11071614:56104552:0:
:563306:11071614:56104552:0:
:563306:11071614:56104608:0:
:563306:11071614:56104608:0:
:563306:11071614:56104664:0:
:563306:11071614:56104720:0:
:563306:11071614:56104720:0:
:563306:11071614:56104720:0:
:563306:11071614:56104776:0:
:563306:11071614:56104776:0:
:563306:11071614:56104832:0:
:563306:11071614:56104832:0:
:563306:11071614:56104888:0:
:563306:11071614:56104888:0:
:563306:11071614:56104944:0:
:563306:11071614:56105000:0:
:563306:11071614:56105000:0:
:563306:11071614:56105000:0:
:563306:11071614:56105056:0:
:563306:11071614:56105112:0:
:563306:11071614:56105112:0:
:563306:11071614:56105112:0:
:563306:11071614:56105168:0:
:563306:11071614:56105168:0:
:563306:11071614:56105224:0:
:563306:11071614:56105224:0:
:563306:11071614:56105280:0:
:563306:11071614:56105280:0:
:563306:11071614:56105336:0:
:563306:11071614:56105336:0:
:563306:11071614:56105392:0:
:563306:11071614:56105392:0:
:563306:11071614:56105448:0:
:563306:11071614:56105504:0:
:563306:11071614:56105560:0:
:563306:11071614:56105560:0:
:563306:11071614:56105560:0:
:563306:11071614:56105616:0:
:564704:11071614:56284592:94:
:564704:11071614:56284592:0:
:564704:11071614:56284648:0:
:564704:11071614:56284648:0:
:564704:11071614:56284648:0:
:564704:11071614:56284704:0:
:564704:11071614:56284704:0:
:564704:11071614:56284760:0:
:564704:11071614:56284760:0:
:564704:11071614:56284872:0:
:568178:11071614:56869512:0:"my.sum" "sampvar" 
:581459:11067031:54700576:0:"my.sum" "sampvar" 
:633350:11067031:63418208:0:"my.sum" "sampvar" 
:645386:11067031:65440256:0:"my.sum" "sampvar" 
:645386:11067031:65440256:0:"my.sum" "sampvar" 
:554482:11015663:55574512:0:"my.sum" "sampvar" 
:639860:11015663:69918016:0:"my.sum" "sampvar" 
:519686:11015663:49728672:0:"my.sum" "sampvar" 
:611118:11015663:65089248:0:"my.sum" "sampvar" 
:700979:11015663:80185896:0:"my.sum" "sampvar" 
:590032:11015663:61546800:0:"+" "my.sum" "sampvar" 
:680114:11015663:76680464:0:"my.sum" "sampvar" 
:568460:11015663:57922592:0:"my.sum" "sampvar" 
:655732:11015663:72584288:0:"my.sum" "sampvar" 
:545287:11015663:54029528:0:"my.sum" "sampvar" 
:636353:11015663:69328616:0:"my.sum" "sampvar" 
:521669:11015663:50061704:0:"my.sum" "sampvar" 
:612533:11015663:65326856:0:"my.sum" "sampvar" 
:699802:11015663:79988048:0:"my.sum" "sampvar" 
:588162:11015663:61232584:0:"my.sum" "sampvar" 
:677703:11015663:76275528:0:"+" "my.sum" "sampvar" 
:565443:11015663:57415736:0:"my.sum" "sampvar" 
:654374:11015663:72356144:0:"my.sum" "sampvar" 
:547493:11015663:54400136:0:"my.sum" "sampvar" 
:630290:11015663:68310032:0:"my.sum" "sampvar" 
:520759:11015663:49908824:0:"my.sum" "sampvar" 
:579174:11015663:59722544:0:"my.sum" "sampvar" 
:634784:11015663:69065024:0:"my.sum" "sampvar" 
:688163:11015663:78032696:0:"my.sum" "sampvar" 
:542711:11015663:53596816:0:"my.sum" "sampvar" 
:598540:11015663:62976032:0:"my.sum" "sampvar" 
:653015:11015663:72127888:0:"my.sum" "sampvar" 
:704446:11015663:80768296:0:"my.sum" "sampvar" 
:562113:11015663:56856296:0:"my.sum" "sampvar" 
:618031:11015663:66250520:0:"my.sum" "sampvar" 
:672851:11015663:75460280:0:"my.sum" "sampvar" 
:526238:11015663:50829296:0:"my.sum" "sampvar" 
:582213:11015663:60233096:0:"my.sum" "sampvar" 
:637725:11015663:69559112:0:"my.sum" "sampvar" 
:518539:11015663:49535864:0:"my.sum" "sampvar" 
:609245:11015663:64774472:0:"my.sum" "sampvar" 
:695326:11015663:79236080:0:"my.sum" "sampvar" 
:585286:11015663:60749360:0:"my.sum" "sampvar" 
:673108:11015663:75503512:0:"my.sum" "sampvar" 
:560929:11015663:56657384:0:"my.sum" "sampvar" 
:623459:11015663:67162424:0:"my.sum" "sampvar" 
:509644:11015663:48041560:0:"my.sum" "sampvar" 
:599148:11015663:63078176:0:"my.sum" "sampvar" 
:686636:11015663:77776216:0:"my.sum" "sampvar" 
:576545:11015663:59280984:0:"+" "my.sum" "sampvar" 
:668276:11015663:74691680:0:"my.sum" "sampvar" 
:555358:11015663:55721568:0:"+" "my.sum" "sampvar" 
:646462:11015663:71027040:0:"+" "my.sum" "sampvar" 
:533233:11015663:52004456:0:"my.sum" "sampvar" 
:623012:11015663:67087440:0:"my.sum" "sampvar" 
:507976:11015663:47761336:0:"my.sum" "sampvar" 
:599193:11015663:63085736:0:"my.sum" "sampvar" 
:688551:11015663:78097880:0:"my.sum" "sampvar" 
:581051:11015663:60037992:0:"my.sum" "sampvar" 
:670404:11015663:75049296:0:"my.sum" "sampvar" 
:557592:11015663:56096880:0:"my.sum" "sampvar" 
:647308:11015663:71169280:0:"+" "my.sum" "sampvar" 
:534542:11015663:52224592:0:"+" "my.sum" "sampvar" 
:624910:11015663:67406304:0:"my.sum" "sampvar" 
:510688:11015663:48217008:0:"my.sum" "sampvar" 
:601873:11015663:63536088:0:"my.sum" "sampvar" 
:689070:11015663:78185296:0:"+" "my.sum" "sampvar" 
:579315:11015663:59746344:0:"my.sum" "sampvar" 
:667446:11015663:74552352:0:"my.sum" "sampvar" 
:556221:11015663:55866664:0:"my.sum" "sampvar" 
:648423:11015663:71356488:0:"my.sum" "sampvar" 
:648423:11015663:71356488:0:"my.sum" "sampvar" 
:670573:11015663:75077688:0:"my.sum" "sampvar" 
:670645:11015663:75089840:0:"my.sum" "sampvar" 
:510559:11015663:48195392:0:"my.sum" "sampvar" 
:585366:11015663:60763024:0:"+" "my.sum" "sampvar" 
:676051:11015663:75998104:0:"+" "my.sum" "sampvar" 
:564678:11015663:57287328:0:"my.sum" "sampvar" 
:651992:11015663:71956080:0:"my.sum" "sampvar" 
:538432:11015663:52878000:0:"my.sum" "sampvar" 
:624761:11015663:67381272:0:"my.sum" "sampvar" 
:511003:11015663:48269984:0:"my.sum" "sampvar" 
:601584:11015663:63487592:0:"my.sum" "sampvar" 
:689389:11015663:78238776:0:"my.sum" "sampvar" 
:578242:11015663:59566080:0:"my.sum" "sampvar" 
:666680:11015663:74423664:0:"my.sum" "sampvar" 
:553947:11015663:55484520:0:"my.sum" "sampvar" 
:643475:11015663:70525224:0:"my.sum" "sampvar" 
:529533:11015663:51382968:0:"my.sum" "sampvar" 
:627085:11015663:67771704:0:"my.sum" "sampvar" 
:511973:11015663:48432888:0:"my.sum" "sampvar" 
:603929:11015663:63881608:0:"my.sum" "sampvar" 
:691768:11015663:78638448:0:"my.sum" "sampvar" 
:581686:11015663:60144728:0:"my.sum" "sampvar" 
:668958:11015663:74806424:0:"my.sum" "sampvar" 
:556234:11015663:55868736:0:"my.sum" "sampvar" 
:645270:11015663:70826784:0:"my.sum" "sampvar" 
:531677:11015663:51743160:0:"my.sum" "sampvar" 
:623359:11015663:67145736:0:"my.sum" "sampvar" 
:509138:11015663:47956608:0:"my.sum" "sampvar" 
:598637:11015663:62992440:0:"my.sum" "sampvar" 
:685238:11015663:77541464:0:"my.sum" "sampvar" 
:575733:11015663:59144568:0:"my.sum" "sampvar" 
:660998:11015663:73469088:0:"my.sum" "sampvar" 
:547821:11015663:54455352:0:"my.sum" "sampvar" 
:637942:11015663:69595680:0:"my.sum" "sampvar" 
:523597:11015663:50385720:0:"my.sum" "sampvar" 
:614573:11015663:65669688:0:"my.sum" "sampvar" 
:703823:11015663:80663688:0:"my.sum" "sampvar" 
:588268:11015663:61250504:0:"my.sum" "sampvar" 
:681320:11015663:76883296:0:"my.sum" "sampvar" 
:570491:11015663:58263968:0:"my.sum" "sampvar" 
:659562:11015663:73227896:0:"my.sum" "sampvar" 
:546435:11015663:54222504:0:"+" "my.sum" "sampvar" 
:635987:11015663:69267240:0:"my.sum" "sampvar" 
:525033:11015663:50627024:0:"my.sum" "sampvar" 
:615590:11015663:65840544:0:"my.sum" "sampvar" 
:701508:11015663:80274768:0:"my.sum" "sampvar" 
:590250:11015663:61583424:0:"my.sum" "sampvar" 
:677435:11015663:76230504:0:"my.sum" "sampvar" 
:566277:11015663:57556072:0:"+" "my.sum" "sampvar" 
:656096:11015663:72645552:0:"+" "my.sum" "sampvar" 
:546599:11015663:54250056:0:"my.sum" "sampvar" 
:634586:11015663:69031872:0:"+" "my.sum" "sampvar" 
:520330:11015663:49836864:0:"my.sum" "sampvar" 
:619941:11015663:66571568:0:"my.sum" "sampvar" 
:508567:11015663:48368712:0:"sq.var" "sampvar" 
:550149:11015663:66997560:0:"sq.var" "sampvar" 
:515645:11015663:51539152:0:"sq.var" "sampvar" 
:556834:11015663:69991936:0:"sq.var" "sampvar" 
:521655:11015663:54231184:0:"sq.var" "sampvar" 
:563132:11015663:72812880:0:"sq.var" "sampvar" 
:528562:11015663:57324848:0:"sq.var" "sampvar" 
:569489:11015663:75660032:0:"^" "sq.var" "sampvar" 
:535281:11015663:60334456:0:"sq.var" "sampvar" 
:575326:11015663:78274616:0:"sq.var" "sampvar" 
:541266:11015663:63015176:0:"sq.var" "sampvar" 
:580894:11015663:80768296:0:"sq.var" "sampvar" 
:547999:11015663:66030664:0:"sq.var" "sampvar" 
:512178:11015663:49982296:0:"sq.var" "sampvar" 
:554563:11015663:68970944:0:"+" "sq.var" "sampvar" 
:519309:11015663:53176592:0:"sq.var" "sampvar" 
:560662:11015663:71702792:0:"sq.var" "sampvar" 
:527560:11015663:56872312:0:"sq.var" "sampvar" 
:568094:11015663:75031432:0:"sq.var" "sampvar" 
:533570:11015663:59564176:0:"sq.var" "sampvar" 
:573814:11015663:77593656:0:"sq.var" "sampvar" 
:542417:11015663:63527128:0:"sq.var" "sampvar" 
:580902:11015663:80768296:0:"sq.var" "sampvar" 
:547580:11015663:65839424:0:"sq.var" "sampvar" 
:511528:11015663:49697704:0:"sq.var" "sampvar" 
:552510:11015663:68057640:0:"sq.var" "sampvar" 
:578412:11015663:79661736:0:"sq.var" "sampvar" 
:546542:11015663:65383248:0:"(" "sq.var" "sampvar" 
:514166:11015663:50878464:0:"sq.var" "sampvar" 
:555765:11015663:69514872:0:"sq.var" "sampvar" 
:519012:11015663:53049024:0:"sq.var" "sampvar" 
:560352:11015663:71569344:0:"sq.var" "sampvar" 
:525457:11015663:55935880:0:"-" "sq.var" "sampvar" 
:565711:11015663:73969336:0:"sq.var" "sampvar" 
:516734:11015663:52027024:0:"sq.var" "sampvar" 
:542429:11015663:63538384:0:"sq.var" "sampvar" 
:509589:11015663:48825448:0:"sq.var" "sampvar" 
:551151:11015663:67445112:0:"sq.var" "sampvar" 
:517497:11015663:52367840:0:"sq.var" "sampvar" 
:559336:11015663:71111712:0:"sq.var" "sampvar" 
:524690:11015663:55589688:0:"sq.var" "sampvar" 
:551337:11015663:67527488:0:"sq.var" "sampvar" 
:569071:11015663:75472320:0:"sq.var" "sampvar" 
:535413:11015663:60393032:0:"sq.var" "sampvar" 
:548909:11053741:61415648:217:"sq.var" "sampvar" 
:570034:11053741:70879088:0:"sq.var" "sampvar" 
:534984:11015663:55810720:0:"sq.var" "sampvar" 
:576022:11015663:74195688:0:"^" "sq.var" "sampvar" 
:543415:11015663:59587136:0:"sq.var" "sampvar" 
:585680:11015663:78521912:0:"sq.var" "sampvar" 
:552341:11015663:63585760:0:"-" "sq.var" "sampvar" 
:590695:11015663:80768296:0:"sq.var" "sampvar" 
:558770:11015663:66465168:0:"^" "sq.var" "sampvar" 
:523612:11015663:50713768:0:"sq.var" "sampvar" 
:565378:11015663:69424936:0:"sq.var" "sampvar" 
:534232:11015663:55470968:0:"sq.var" "sampvar" 
:575143:11015663:73799040:0:"^" "sq.var" "sampvar" 
:541203:11015663:58593528:0:"^" "sq.var" "sampvar" 
:585043:11015663:78233792:0:"sq.var" "sampvar" 
:552305:11015663:63566552:0:"(" "sq.var" "sampvar" 
:590701:11015663:80768296:0:"-" "sq.var" "sampvar" 
:558519:11015663:66350032:0:"sq.var" "sampvar" 
:524908:11015663:51291352:0:"sq.var" "sampvar" 
:565375:11015663:69420512:0:"sq.var" "sampvar" 
:530452:11015663:53774560:0:"sq.var" "sampvar" 
:560199:11015663:67101216:0:"sq.var" "sampvar" 
:584092:11015663:77700728:41:"sq.var" "sampvar" 
:543614:11015663:59696896:0:"sq.var" "sampvar" 
:581944:11015663:76868568:0:"sq.var" "sampvar" 
:550261:11015663:62674192:0:"sq.var" "sampvar" 
:589791:11015663:80383688:0:"sq.var" "sampvar" 
:557428:11015663:65884336:0:"sq.var" "sampvar" 
:521690:11015663:49873152:0:"sq.var" "sampvar" 
:562842:11015663:68309192:0:"^" "sq.var" "sampvar" 
:527417:11015663:52438176:0:"sq.var" "sampvar" 
:568800:11015663:70977984:0:"sq.var" "sampvar" 
:534266:11015663:55505912:0:"sq.var" "sampvar" 
:575027:11015663:73766728:0:"sq.var" "sampvar" 
:541022:11015663:58532152:0:"sq.var" "sampvar" 
:581429:11015663:76634208:0:"sq.var" "sampvar" 
:547566:11015663:61463304:0:"sq.var" "sampvar" 
:588402:11015663:79757832:0:"sq.var" "sampvar" 
:555145:11015663:64858024:0:"sq.var" "sampvar" 
:521678:11015663:49864192:0:"sq.var" "sampvar" 
:563759:11015663:68716424:0:"^" "sq.var" "sampvar" 
:528639:11015663:52982272:0:"sq.var" "sampvar" 
:569738:11015663:71394288:0:"-" "sq.var" "sampvar" 
:520832:11015663:49483896:0:"sq.var" "sampvar" 
:562290:11015663:68057024:0:"^" "sq.var" "sampvar" 
:527864:11015663:52633728:0:"sq.var" "sampvar" 
:569093:11015663:71104320:0:"sq.var" "sampvar" 
:534701:11015663:55696200:0:"sq.var" "sampvar" 
:575675:11015663:74052552:0:"sq.var" "sampvar" 
:542213:11015663:59060792:0:"sq.var" "sampvar" 
:584489:11015663:78000384:0:"^" "sq.var" "sampvar" 
:551169:11015663:63072576:0:"sq.var" "sampvar" 
:590668:11015663:80768296:0:"-" "sq.var" "sampvar" 
:557109:11015663:65733248:0:"sq.var" "sampvar" 
:523871:11015663:50841560:0:"sq.var" "sampvar" 
:565441:11015663:69465144:0:"sq.var" "sampvar" 
:565441:11015663:69465144:0:"sq.var" "sampvar" 
:531036:11015663:54051200:0:"sq.var" "sampvar" 
:574066:11015663:73328472:0:"sq.var" "sampvar" 
:539669:11015663:57918000:0:"sq.var" "sampvar" 
:541135:11015663:58100952:96:"sq.var" "sampvar" 
:551797:11015663:62877472:0:"sq.var" "sampvar" 
:582391:11015663:76583528:0:"^" "sq.var" "sampvar" 
:535704:11015663:56117376:0:"sq.var" "sampvar" 
:564366:11015663:68958008:0:"sq.var" "sampvar" 
:529725:11015663:53453400:0:"sq.var" "sampvar" 
:570678:11015663:71800288:0:"+" "sq.var" "sampvar" 
:537197:11015663:56799736:0:"sq.var" "sampvar" 
:578037:11015663:75096280:0:"sq.var" "sampvar" 
:544623:11015663:60126304:0:"sq.var" "sampvar" 
:585222:11015663:78314656:0:"sq.var" "sampvar" 
:553139:11015663:63941024:0:"sq.var" "sampvar" 
:518618:11015663:48474944:0:"sq.var" "sampvar" 
:560636:11015663:67299008:0:"sq.var" "sampvar" 
:526138:11015663:51843456:0:"sq.var" "sampvar" 
:567331:11015663:70298088:0:"sq.var" "sampvar" 
:532345:11015663:54623576:0:"sq.var" "sampvar" 
:573167:11015663:72911944:0:"sq.var" "sampvar" 
:538793:11015663:57511664:0:"^" "sq.var" "sampvar" 
:564034:11015663:68819520:0:"sq.var" "sampvar" 
:532039:11015663:54485368:0:"sq.var" "sampvar" 
:574270:11015663:73404688:0:"sq.var" "sampvar" 
:539309:11015663:57741880:0:"sq.var" "sampvar" 
:578711:11015663:75394144:0:"sq.var" "sampvar" 
:544390:11015663:60017664:0:"sq.var" "sampvar" 
:564795:11015663:69159216:0:"sq.var" "sampvar" 
:581352:11015663:76576584:0:"^" "sq.var" "sampvar" 
:530522:11015663:53803960:0:"(" "sq.var" "sampvar" 
:556559:11015663:65468760:0:"sq.var" "sampvar" 
:522120:11015663:50039192:0:"sq.var" "sampvar" 
:563353:11015663:68511632:0:"sq.var" "sampvar" 
:528363:11015663:52835664:0:"sq.var" "sampvar" 
:573882:11015663:73228008:0:"sq.var" "sampvar" 
:539883:11015663:57996120:0:"sq.var" "sampvar" 
:580616:11015663:76244392:0:"^" "sq.var" "sampvar" 
:547063:11015663:61212200:0:"-" "sq.var" "sampvar" 
:587305:11015663:79240560:0:"sq.var" "sampvar" 
:553638:11015663:64157408:0:"sq.var" "sampvar" 
:517858:11015663:48127240:0:"sq.var" "sampvar" 
:560091:11015663:67047680:0:"sq.var" "sampvar" 
:586309:11015663:78793288:0:"sq.var" "sampvar" 
:537543:11015663:56945448:0:"sq.var" "sampvar" 
:575532:11015663:73964520:0:"sq.var" "sampvar" 
:542139:11015663:59003672:0:"-" "sq.var" "sampvar" 
:569182:11015663:71119160:0:"sq.var" "sampvar" 
:536173:11015663:56330904:0:"-" "sq.var" "sampvar" 
:576587:11015663:74436096:0:"sq.var" "sampvar" 
:590721:11015663:80768296:0:"sq.var" "sampvar" 
:590721:11015663:80768296:0:"sq.var" "sampvar" 
:506728:11015663:47554360:0:"sq.var" "sampvar" 
:545337:11015663:64850968:0:"sq.var" "sampvar" 
:510409:11015663:49202608:0:"sq.var" "sampvar" 
:552214:11015663:67931192:0:"sq.var" "sampvar" 
:519895:11015663:53451664:0:"sq.var" "sampvar" 
:561147:11015663:71932448:0:"sq.var" "sampvar" 
:526409:11015663:56369320:0:"sq.var" "sampvar" 
:539583:11041959:57628200:423:"nchar" ".rs.startsWith" ".rs.fuzzyMatches" ".rs.getCompletionsSearchPath" "Reduce" "<Anonymous>" "sq.var" "sampvar" 
:563924:11053838:67661496:220:"sq.var" "sampvar" 
:527426:11015663:52559808:0:"+" "sq.var" "sampvar" 
:566145:11015663:69905976:0:"sq.var" "sampvar" 
:530966:11015663:54145168:0:"sq.var" "sampvar" 
:572567:11015663:72782360:0:"sq.var" "sampvar" 
:539858:11015663:58128056:0:"sq.var" "sampvar" 
:581122:11015663:76614384:0:"sq.var" "sampvar" 
:544327:11015663:60129496:0:"sq.var" "sampvar" 
:583780:11015663:77804608:0:"sq.var" "sampvar" 
:550714:11015663:62990424:0:"^" "sq.var" "sampvar" 
:590397:11015663:80768296:0:"sq.var" "sampvar" 
:557264:11015663:65924040:0:"sq.var" "sampvar" 
:522015:11015663:50132152:0:"sq.var" "sampvar" 
:567507:11015663:70512344:0:"sq.var" "sampvar" 
:533211:11015663:55147344:0:"sq.var" "sampvar" 
:574358:11015663:73581144:0:"sq.var" "sampvar" 
:540599:11015663:58456496:0:"sq.var" "sampvar" 
:581960:11015663:76986168:0:"sq.var" "sampvar" 
:532919:11015663:55015072:0:"-" "sq.var" "sampvar" 
:577129:11015663:74821376:0:"+" "sq.var" "sampvar" 
:543687:11015663:59838856:0:"sq.var" "sampvar" 
:584229:11015663:78001448:0:"sq.var" "sampvar" 
:550262:11015663:62783672:0:"sq.var" "sampvar" 
:590406:11015663:80768296:0:"sq.var" "sampvar" 
:559921:11015663:67110456:0:"sq.var" "sampvar" 
:525740:11015663:51796808:0:"sq.var" "sampvar" 
:567228:11015663:70383432:0:"sq.var" "sampvar" 
:532822:11015663:54968928:0:"sq.var" "sampvar" 
:574183:11015663:73498600:0:"sq.var" "sampvar" 
:540172:11015663:58261000:0:"sq.var" "sampvar" 
:580538:11015663:76345024:0:"sq.var" "sampvar" 
:547288:11015663:61448464:0:"sq.var" "sampvar" 
:587530:11015663:79477048:0:"sq.var" "sampvar" 
:554411:11015663:64655304:0:"-" "sq.var" "sampvar" 
:518890:11015663:48740888:0:"^" "sq.var" "sampvar" 
:561060:11015663:67633104:0:"sq.var" "sampvar" 
:525468:11015663:51687384:0:"sq.var" "sampvar" 
:548915:11015663:62191584:0:"sq.var" "sampvar" 
:588966:11015663:80134376:0:"sq.var" "sampvar" 
:555358:11015663:65077264:0:"sq.var" "sampvar" 
:523319:11015663:50723232:0:"sq.var" "sampvar" 
:549177:11015663:62307672:0:"sq.var" "sampvar" 
:575252:11015663:73989216:0:"sq.var" "sampvar" 
:545322:11015663:60579848:0:"sq.var" "sampvar" 
:586283:11015663:78930152:0:"(" "sq.var" "sampvar" 
:557557:11015663:66060624:0:"sq.var" "sampvar" 
:522510:11015663:50358728:0:"sq.var" "sampvar" 
:564137:11015663:69007512:0:"sq.var" "sampvar" 
:529588:11015663:53529000:0:"^" "sq.var" "sampvar" 
:571171:11015663:72158240:0:"sq.var" "sampvar" 
:538258:11015663:57412488:0:"sq.var" "sampvar" 
:578626:11015663:75497296:0:"sq.var" "sampvar" 
:545378:11015663:60601632:0:"sq.var" "sampvar" 
:586193:11015663:78886752:0:"sq.var" "sampvar" 
:552969:11015663:64001728:0:"sq.var" "sampvar" 
:579092:11015663:75704496:0:"sq.var" "sampvar" 
:545894:11015663:60831456:0:"sq.var" "sampvar" 
:568089:11015663:70300664:96:"sq.var" "sampvar" 
:517159:11015663:47933984:0:"sq.var" "sampvar" 
:560155:11015663:67196192:0:"sq.var" "sampvar" 
:524752:11015663:51334864:0:"sq.var" "sampvar" 
:565731:11015663:69693064:0:"sq.var" "sampvar" 
:531337:11015663:54284496:0:"sq.var" "sampvar" 
:573702:11015663:73263904:0:"sq.var" "sampvar" 
:539522:11015663:57950592:0:"sq.var" "sampvar" 
:580112:11015663:76135024:0:"sq.var" "sampvar" 
:547453:11015663:61503344:0:"sq.var" "sampvar" 
:588154:11015663:79737336:0:"sq.var" "sampvar" 
:554458:11015663:64640744:0:"sq.var" "sampvar" 
:518880:11015663:48701352:0:"sq.var" "sampvar" 
:563266:11015663:68586224:0:"^" "sq.var" "sampvar" 
:528815:11015663:53151784:0:"sq.var" "sampvar" 
:571358:11015663:72210936:0:"sq.var" "sampvar" 
:533929:11015663:55455680:0:"sq.var" "sampvar" 
:575646:11015663:74145064:0:"sq.var" "sampvar" 
:543149:11015663:59585680:0:"sq.var" "sampvar" 
:582927:11015663:77406280:0:"sq.var" "sampvar" 
:549097:11015663:62249656:0:"sq.var" "sampvar" 
:588587:11015663:79941232:0:"sq.var" "sampvar" 
:555435:11015663:65088464:0:"sq.var" "sampvar" 
:519373:11015663:48932296:0:"sq.var" "sampvar" 
:561164:11015663:67654440:0:"sq.var" "sampvar" 
:525680:11015663:51757160:0:"sq.var" "sampvar" 
:568027:11015663:70728560:0:"sq.var" "sampvar" 
:534065:11015663:55513024:0:"sq.var" "sampvar" 
:574809:11015663:73766336:0:"sq.var" "sampvar" 
:541204:11015663:58710568:0:"sq.var" "sampvar" 
:582280:11015663:77112840:0:"sq.var" "sampvar" 
:547890:11015663:61705336:0:"sq.var" "sampvar" 
:588651:11015663:79966376:0:"sq.var" "sampvar" 
:555180:11015663:64970752:0:"sq.var" "sampvar" 
:518594:11015663:48579720:0:"sq.var" "sampvar" 
:561052:11015663:67600848:0:"sq.var" "sampvar" 
:525486:11015663:51666328:0:"sq.var" "sampvar" 
:566924:11015663:70230776:0:"sq.var" "sampvar" 
:535531:11015663:56166152:0:"^" "sq.var" "sampvar" 
:576174:11015663:74374384:0:"sq.var" "sampvar" 
:541299:11015663:58749656:0:"^" "sq.var" "sampvar" 
:580985:11015663:76529040:0:"sq.var" "sampvar" 
:526431:11015663:52088176:0:"sq.var" "sampvar" 
:568596:11015663:70977872:0:"sq.var" "sampvar" 
:534343:11015663:55632136:0:"^" "sq.var" "sampvar" 
:578411:11015663:75374488:0:"sq.var" "sampvar" 
:544571:11015663:60213944:0:"sq.var" "sampvar" 
:584809:11015663:78240400:0:"sq.var" "sampvar" 
:553651:11015663:64280888:0:"sq.var" "sampvar" 
