sample.interval=20000
"my.sum" "sampvar" 
"my.sum" "sampvar" 
"my.sum" "sampvar" 
"+" "my.sum" "sampvar" 
"my.sum" "sampvar" 
"my.sum" "sampvar" 
"my.sum" "sampvar" 
"my.sum" "sampvar" 
"my.sum" "sampvar" 
"my.sum" "sampvar" 
"+" "my.sum" "sampvar" 
"my.sum" "sampvar" 
"+" "my.sum" "sampvar" 
"my.sum" "sampvar" 
"+" "my.sum" "sampvar" 
"my.sum" "sampvar" 
"my.sum" "sampvar" 
"my.sum" "sampvar" 
"my.sum" "sampvar" 
"my.sum" "sampvar" 
"my.sum" "sampvar" 
"+" "my.sum" "sampvar" 
"my.sum" "sampvar" 
"my.sum" "sampvar" 
"my.sum" "sampvar" 
"my.sum" "sampvar" 
"my.sum" "sampvar" 
"my.sum" "sampvar" 
"my.sum" "sampvar" 
"my.sum" "sampvar" 
"my.sum" "sampvar" 
"my.sum" "sampvar" 
"my.sum" "sampvar" 
"my.sum" "sampvar" 
"my.sum" "sampvar" 
"my.sum" "sampvar" 
"my.sum" "sampvar" 
"my.sum" "sampvar" 
"my.sum" "sampvar" 
"+" "my.sum" "sampvar" 
"my.sum" "sampvar" 
"my.sum" "sampvar" 
"my.sum" "sampvar" 
"my.sum" "sampvar" 
"my.sum" "sampvar" 
"my.sum" "sampvar" 
"my.sum" "sampvar" 
"my.sum" "sampvar" 
"my.sum" "sampvar" 
"+" "my.sum" "sampvar" 
"my.sum" "sampvar" 
"my.sum" "sampvar" 
"+" "my.sum" "sampvar" 
"my.sum" "sampvar" 
"my.sum" "sampvar" 
"my.sum" "sampvar" 
"my.sum" "sampvar" 
"+" "my.sum" "sampvar" 
"my.sum" "sampvar" 
"my.sum" "sampvar" 
"+" "my.sum" "sampvar" 
"my.sum" "sampvar" 
"my.sum" "sampvar" 
"my.sum" "sampvar" 
"my.sum" "sampvar" 
"my.sum" "sampvar" 
"my.sum" "sampvar" 
"my.sum" "sampvar" 
"my.sum" "sampvar" 
"my.sum" "sampvar" 
"my.sum" "sampvar" 
"+" "my.sum" "sampvar" 
"+" "my.sum" "sampvar" 
"my.sum" "sampvar" 
"+" "my.sum" "sampvar" 
"my.sum" "sampvar" 
"my.sum" "sampvar" 
"my.sum" "sampvar" 
"my.sum" "sampvar" 
"my.sum" "sampvar" 
"my.sum" "sampvar" 
"my.sum" "sampvar" 
"my.sum" "sampvar" 
"+" "my.sum" "sampvar" 
"my.sum" "sampvar" 
"my.sum" "sampvar" 
"+" "my.sum" "sampvar" 
"my.sum" "sampvar" 
"my.sum" "sampvar" 
"my.sum" "sampvar" 
"my.sum" "sampvar" 
"my.sum" "sampvar" 
"my.sum" "sampvar" 
"my.sum" "sampvar" 
"my.sum" "sampvar" 
"my.sum" "sampvar" 
"my.sum" "sampvar" 
"my.sum" "sampvar" 
"my.sum" "sampvar" 
"my.sum" "sampvar" 
"my.sum" "sampvar" 
"+" "my.sum" "sampvar" 
"my.sum" "sampvar" 
"my.sum" "sampvar" 
"+" "my.sum" "sampvar" 
"my.sum" "sampvar" 
"my.sum" "sampvar" 
"my.sum" "sampvar" 
"my.sum" "sampvar" 
"my.sum" "sampvar" 
"my.sum" "sampvar" 
"my.sum" "sampvar" 
"my.sum" "sampvar" 
"my.sum" "sampvar" 
"my.sum" "sampvar" 
"my.sum" "sampvar" 
"my.sum" "sampvar" 
"my.sum" "sampvar" 
"my.sum" "sampvar" 
"my.sum" "sampvar" 
"sq.var" "sampvar" 
"(" "sq.var" "sampvar" 
"sq.var" "sampvar" 
"sq.var" "sampvar" 
"^" "sq.var" "sampvar" 
"sq.var" "sampvar" 
"sq.var" "sampvar" 
"sq.var" "sampvar" 
"sq.var" "sampvar" 
"sq.var" "sampvar" 
"sq.var" "sampvar" 
"^" "sq.var" "sampvar" 
"^" "sq.var" "sampvar" 
"sq.var" "sampvar" 
"sq.var" "sampvar" 
"sq.var" "sampvar" 
"sq.var" "sampvar" 
"^" "sq.var" "sampvar" 
"sq.var" "sampvar" 
"sq.var" "sampvar" 
"sq.var" "sampvar" 
"sq.var" "sampvar" 
"(" "sq.var" "sampvar" 
"sq.var" "sampvar" 
"sq.var" "sampvar" 
"^" "sq.var" "sampvar" 
"sq.var" "sampvar" 
"sq.var" "sampvar" 
"sq.var" "sampvar" 
"sq.var" "sampvar" 
"sq.var" "sampvar" 
"sq.var" "sampvar" 
"sq.var" "sampvar" 
"sq.var" "sampvar" 
"sq.var" "sampvar" 
"sq.var" "sampvar" 
"sq.var" "sampvar" 
"sq.var" "sampvar" 
"sq.var" "sampvar" 
"sq.var" "sampvar" 
"sq.var" "sampvar" 
"sq.var" "sampvar" 
"sq.var" "sampvar" 
"(" "sq.var" "sampvar" 
"sq.var" "sampvar" 
"sq.var" "sampvar" 
"sq.var" "sampvar" 
"sq.var" "sampvar" 
"sq.var" "sampvar" 
"sq.var" "sampvar" 
"sq.var" "sampvar" 
"^" "sq.var" "sampvar" 
"sq.var" "sampvar" 
"sq.var" "sampvar" 
"sq.var" "sampvar" 
"sq.var" "sampvar" 
"-" "sq.var" "sampvar" 
"-" "sq.var" "sampvar" 
"sq.var" "sampvar" 
"sq.var" "sampvar" 
"sq.var" "sampvar" 
"sq.var" "sampvar" 
"-" "sq.var" "sampvar" 
"^" "sq.var" "sampvar" 
"sq.var" "sampvar" 
"sq.var" "sampvar" 
"sq.var" "sampvar" 
"sq.var" "sampvar" 
"sq.var" "sampvar" 
"sq.var" "sampvar" 
"sq.var" "sampvar" 
"sq.var" "sampvar" 
"(" "sq.var" "sampvar" 
"sq.var" "sampvar" 
"sq.var" "sampvar" 
"sq.var" "sampvar" 
"sq.var" "sampvar" 
"^" "sq.var" "sampvar" 
"sq.var" "sampvar" 
"sq.var" "sampvar" 
"sq.var" "sampvar" 
"sq.var" "sampvar" 
"sq.var" "sampvar" 
"sq.var" "sampvar" 
"sq.var" "sampvar" 
"sq.var" "sampvar" 
"sq.var" "sampvar" 
"sq.var" "sampvar" 
"sq.var" "sampvar" 
"^" "sq.var" "sampvar" 
"sq.var" "sampvar" 
"sq.var" "sampvar" 
"sq.var" "sampvar" 
"sq.var" "sampvar" 
"sq.var" "sampvar" 
"sq.var" "sampvar" 
"sq.var" "sampvar" 
"sq.var" "sampvar" 
"sq.var" "sampvar" 
"sq.var" "sampvar" 
"sq.var" "sampvar" 
"sq.var" "sampvar" 
"sq.var" "sampvar" 
"-" "sq.var" "sampvar" 
"sq.var" "sampvar" 
"sq.var" "sampvar" 
"sq.var" "sampvar" 
"-" "sq.var" "sampvar" 
"sq.var" "sampvar" 
"+" "sq.var" "sampvar" 
"sq.var" "sampvar" 
"sq.var" "sampvar" 
"sq.var" "sampvar" 
"sq.var" "sampvar" 
"sq.var" "sampvar" 
"sq.var" "sampvar" 
"sq.var" "sampvar" 
"sq.var" "sampvar" 
"sq.var" "sampvar" 
"^" "sq.var" "sampvar" 
"sq.var" "sampvar" 
"sq.var" "sampvar" 
"sq.var" "sampvar" 
"+" "sq.var" "sampvar" 
"sq.var" "sampvar" 
"sq.var" "sampvar" 
"-" "sq.var" "sampvar" 
"-" "sq.var" "sampvar" 
"sq.var" "sampvar" 
"-" "sq.var" "sampvar" 
"sq.var" "sampvar" 
"sq.var" "sampvar" 
"^" "sq.var" "sampvar" 
"sq.var" "sampvar" 
"sq.var" "sampvar" 
"sq.var" "sampvar" 
"^" "sq.var" "sampvar" 
"sq.var" "sampvar" 
"sq.var" "sampvar" 
"sq.var" "sampvar" 
"sq.var" "sampvar" 
"^" "sq.var" "sampvar" 
"sq.var" "sampvar" 
"-" "sq.var" "sampvar" 
"(" "sq.var" "sampvar" 
"sq.var" "sampvar" 
"^" "sq.var" "sampvar" 
"^" "sq.var" "sampvar" 
"sq.var" "sampvar" 
"-" "sq.var" "sampvar" 
"sq.var" "sampvar" 
"sq.var" "sampvar" 
"sq.var" "sampvar" 
"sq.var" "sampvar" 
"sq.var" "sampvar" 
"sq.var" "sampvar" 
"sq.var" "sampvar" 
"sq.var" "sampvar" 
"sq.var" "sampvar" 
"sq.var" "sampvar" 
"sq.var" "sampvar" 
"sq.var" "sampvar" 
"sq.var" "sampvar" 
"sq.var" "sampvar" 
"sq.var" "sampvar" 
"sq.var" "sampvar" 
"sq.var" "sampvar" 
"sq.var" "sampvar" 
"sq.var" "sampvar" 
"sq.var" "sampvar" 
"sq.var" "sampvar" 
"sq.var" "sampvar" 
"sq.var" "sampvar" 
"sq.var" "sampvar" 
"sq.var" "sampvar" 
"sq.var" "sampvar" 
"sq.var" "sampvar" 
"sq.var" "sampvar" 
"sq.var" "sampvar" 
"sq.var" "sampvar" 
"sq.var" "sampvar" 
"sq.var" "sampvar" 
"sq.var" "sampvar" 
"sq.var" "sampvar" 
"sq.var" "sampvar" 
"sq.var" "sampvar" 
"sq.var" "sampvar" 
"(" "sq.var" "sampvar" 
"sq.var" "sampvar" 
"sq.var" "sampvar" 
"sq.var" "sampvar" 
"sq.var" "sampvar" 
"sq.var" "sampvar" 
"sq.var" "sampvar" 
"sq.var" "sampvar" 
"+" "sq.var" "sampvar" 
"sq.var" "sampvar" 
"sq.var" "sampvar" 
"sq.var" "sampvar" 
"sq.var" "sampvar" 
"sq.var" "sampvar" 
"sq.var" "sampvar" 
"sq.var" "sampvar" 
"sq.var" "sampvar" 
"^" "sq.var" "sampvar" 
"sq.var" "sampvar" 
"sq.var" "sampvar" 
"sq.var" "sampvar" 
"sq.var" "sampvar" 
"sq.var" "sampvar" 
"sq.var" "sampvar" 
"^" "sq.var" "sampvar" 
"sq.var" "sampvar" 
"sq.var" "sampvar" 
"sq.var" "sampvar" 
"sq.var" "sampvar" 
"sq.var" "sampvar" 
"sq.var" "sampvar" 
"sq.var" "sampvar" 
"sq.var" "sampvar" 
"sq.var" "sampvar" 
"sq.var" "sampvar" 
"sq.var" "sampvar" 
"^" "sq.var" "sampvar" 
"sq.var" "sampvar" 
"sq.var" "sampvar" 
"sq.var" "sampvar" 
"sq.var" "sampvar" 
"sq.var" "sampvar" 
"sq.var" "sampvar" 
"sq.var" "sampvar" 
"sq.var" "sampvar" 
"sq.var" "sampvar" 
"sq.var" "sampvar" 
"^" "sq.var" "sampvar" 
"sq.var" "sampvar" 
"sq.var" "sampvar" 
"sq.var" "sampvar" 
"sq.var" "sampvar" 
"sq.var" "sampvar" 
"^" "sq.var" "sampvar" 
"sq.var" "sampvar" 
"sq.var" "sampvar" 
"sq.var" "sampvar" 
"sq.var" "sampvar" 
"sq.var" "sampvar" 
"sq.var" "sampvar" 
"sq.var" "sampvar" 
"sq.var" "sampvar" 
"sq.var" "sampvar" 
